Determining if the pthread_create exist failed with the following output:
Change Dir: /home/jiayan/Desktop/all/CMakeFiles/CMakeTmp

Run Build Command:"/usr/bin/make" "cmTC_41ccf/fast"
/usr/bin/make -f CMakeFiles/cmTC_41ccf.dir/build.make CMakeFiles/cmTC_41ccf.dir/build
make[1]: Entering directory '/home/jiayan/Desktop/all/CMakeFiles/CMakeTmp'
Building C object CMakeFiles/cmTC_41ccf.dir/CheckSymbolExists.c.o
/usr/bin/cc     -o CMakeFiles/cmTC_41ccf.dir/CheckSymbolExists.c.o   -c /home/jiayan/Desktop/all/CMakeFiles/CMakeTmp/CheckSymbolExists.c
Linking C executable cmTC_41ccf
/usr/bin/cmake -E cmake_link_script CMakeFiles/cmTC_41ccf.dir/link.txt --verbose=1
/usr/bin/cc       CMakeFiles/cmTC_41ccf.dir/CheckSymbolExists.c.o  -o cmTC_41ccf -rdynamic 
CMakeFiles/cmTC_41ccf.dir/CheckSymbolExists.c.o: In function `main':
CheckSymbolExists.c:(.text+0x16): undefined reference to `pthread_create'
collect2: error: ld returned 1 exit status
CMakeFiles/cmTC_41ccf.dir/build.make:97: recipe for target 'cmTC_41ccf' failed
make[1]: *** [cmTC_41ccf] Error 1
make[1]: Leaving directory '/home/jiayan/Desktop/all/CMakeFiles/CMakeTmp'
Makefile:126: recipe for target 'cmTC_41ccf/fast' failed
make: *** [cmTC_41ccf/fast] Error 2

File /home/jiayan/Desktop/all/CMakeFiles/CMakeTmp/CheckSymbolExists.c:
/* */
#include <pthread.h>

int main(int argc, char** argv)
{
  (void)argv;
#ifndef pthread_create
  return ((int*)(&pthread_create))[argc];
#else
  (void)argc;
  return 0;
#endif
}

Determining if the function pthread_create exists in the pthreads failed with the following output:
Change Dir: /home/jiayan/Desktop/all/CMakeFiles/CMakeTmp

Run Build Command:"/usr/bin/make" "cmTC_cb6e9/fast"
/usr/bin/make -f CMakeFiles/cmTC_cb6e9.dir/build.make CMakeFiles/cmTC_cb6e9.dir/build
make[1]: Entering directory '/home/jiayan/Desktop/all/CMakeFiles/CMakeTmp'
Building C object CMakeFiles/cmTC_cb6e9.dir/CheckFunctionExists.c.o
/usr/bin/cc    -DCHECK_FUNCTION_EXISTS=pthread_create   -o CMakeFiles/cmTC_cb6e9.dir/CheckFunctionExists.c.o   -c /usr/share/cmake-3.5/Modules/CheckFunctionExists.c
Linking C executable cmTC_cb6e9
/usr/bin/cmake -E cmake_link_script CMakeFiles/cmTC_cb6e9.dir/link.txt --verbose=1
/usr/bin/cc   -DCHECK_FUNCTION_EXISTS=pthread_create    CMakeFiles/cmTC_cb6e9.dir/CheckFunctionExists.c.o  -o cmTC_cb6e9 -rdynamic -lpthreads 
/usr/bin/ld: cannot find -lpthreads
collect2: error: ld returned 1 exit status
CMakeFiles/cmTC_cb6e9.dir/build.make:97: recipe for target 'cmTC_cb6e9' failed
make[1]: *** [cmTC_cb6e9] Error 1
make[1]: Leaving directory '/home/jiayan/Desktop/all/CMakeFiles/CMakeTmp'
Makefile:126: recipe for target 'cmTC_cb6e9/fast' failed
make: *** [cmTC_cb6e9/fast] Error 2


Determining if the pthread_create exist failed with the following output:
Change Dir: /home/febbo/Desktop/all/CMakeFiles/CMakeTmp

Run Build Command:"/usr/bin/make" "cmTC_577e4/fast"
/usr/bin/make -f CMakeFiles/cmTC_577e4.dir/build.make CMakeFiles/cmTC_577e4.dir/build
make[1]: Entering directory '/home/febbo/Desktop/all/CMakeFiles/CMakeTmp'
Building C object CMakeFiles/cmTC_577e4.dir/CheckSymbolExists.c.o
/usr/bin/cc     -o CMakeFiles/cmTC_577e4.dir/CheckSymbolExists.c.o   -c /home/febbo/Desktop/all/CMakeFiles/CMakeTmp/CheckSymbolExists.c
Linking C executable cmTC_577e4
/usr/bin/cmake -E cmake_link_script CMakeFiles/cmTC_577e4.dir/link.txt --verbose=1
/usr/bin/cc       CMakeFiles/cmTC_577e4.dir/CheckSymbolExists.c.o  -o cmTC_577e4 -rdynamic 
CMakeFiles/cmTC_577e4.dir/CheckSymbolExists.c.o: In function `main':
CheckSymbolExists.c:(.text+0x16): undefined reference to `pthread_create'
collect2: error: ld returned 1 exit status
CMakeFiles/cmTC_577e4.dir/build.make:97: recipe for target 'cmTC_577e4' failed
make[1]: *** [cmTC_577e4] Error 1
make[1]: Leaving directory '/home/febbo/Desktop/all/CMakeFiles/CMakeTmp'
Makefile:126: recipe for target 'cmTC_577e4/fast' failed
make: *** [cmTC_577e4/fast] Error 2

File /home/febbo/Desktop/all/CMakeFiles/CMakeTmp/CheckSymbolExists.c:
/* */
#include <pthread.h>

int main(int argc, char** argv)
{
  (void)argv;
#ifndef pthread_create
  return ((int*)(&pthread_create))[argc];
#else
  (void)argc;
  return 0;
#endif
}

Determining if the function pthread_create exists in the pthreads failed with the following output:
Change Dir: /home/febbo/Desktop/all/CMakeFiles/CMakeTmp

Run Build Command:"/usr/bin/make" "cmTC_90b79/fast"
/usr/bin/make -f CMakeFiles/cmTC_90b79.dir/build.make CMakeFiles/cmTC_90b79.dir/build
make[1]: Entering directory '/home/febbo/Desktop/all/CMakeFiles/CMakeTmp'
Building C object CMakeFiles/cmTC_90b79.dir/CheckFunctionExists.c.o
/usr/bin/cc    -DCHECK_FUNCTION_EXISTS=pthread_create   -o CMakeFiles/cmTC_90b79.dir/CheckFunctionExists.c.o   -c /usr/share/cmake-3.5/Modules/CheckFunctionExists.c
Linking C executable cmTC_90b79
/usr/bin/cmake -E cmake_link_script CMakeFiles/cmTC_90b79.dir/link.txt --verbose=1
/usr/bin/cc   -DCHECK_FUNCTION_EXISTS=pthread_create    CMakeFiles/cmTC_90b79.dir/CheckFunctionExists.c.o  -o cmTC_90b79 -rdynamic -lpthreads 
/usr/bin/ld: cannot find -lpthreads
collect2: error: ld returned 1 exit status
CMakeFiles/cmTC_90b79.dir/build.make:97: recipe for target 'cmTC_90b79' failed
make[1]: *** [cmTC_90b79] Error 1
make[1]: Leaving directory '/home/febbo/Desktop/all/CMakeFiles/CMakeTmp'
Makefile:126: recipe for target 'cmTC_90b79/fast' failed
make: *** [cmTC_90b79/fast] Error 2


